Determining if the pthread_create exist failed with the following output:
Change Dir: /home/robond/Udacity_Robotics/catkin_ws/build/CMakeFiles/CMakeTmp

Run Build Command:"/usr/bin/make" "cmTC_fbc0a/fast"
/usr/bin/make -f CMakeFiles/cmTC_fbc0a.dir/build.make CMakeFiles/cmTC_fbc0a.dir/build
make[1]: Entering directory '/home/robond/Udacity_Robotics/catkin_ws/build/CMakeFiles/CMakeTmp'
Building C object CMakeFiles/cmTC_fbc0a.dir/CheckSymbolExists.c.o
/usr/bin/cc     -o CMakeFiles/cmTC_fbc0a.dir/CheckSymbolExists.c.o   -c /home/robond/Udacity_Robotics/catkin_ws/build/CMakeFiles/CMakeTmp/CheckSymbolExists.c
Linking C executable cmTC_fbc0a
/usr/bin/cmake -E cmake_link_script CMakeFiles/cmTC_fbc0a.dir/link.txt --verbose=1
/usr/bin/cc       CMakeFiles/cmTC_fbc0a.dir/CheckSymbolExists.c.o  -o cmTC_fbc0a -rdynamic 
CMakeFiles/cmTC_fbc0a.dir/CheckSymbolExists.c.o: In function `main':
CheckSymbolExists.c:(.text+0x16): undefined reference to `pthread_create'
collect2: error: ld returned 1 exit status
CMakeFiles/cmTC_fbc0a.dir/build.make:97: recipe for target 'cmTC_fbc0a' failed
make[1]: *** [cmTC_fbc0a] Error 1
make[1]: Leaving directory '/home/robond/Udacity_Robotics/catkin_ws/build/CMakeFiles/CMakeTmp'
Makefile:126: recipe for target 'cmTC_fbc0a/fast' failed
make: *** [cmTC_fbc0a/fast] Error 2

File /home/robond/Udacity_Robotics/catkin_ws/build/CMakeFiles/CMakeTmp/CheckSymbolExists.c:
/* */
#include <pthread.h>

int main(int argc, char** argv)
{
  (void)argv;
#ifndef pthread_create
  return ((int*)(&pthread_create))[argc];
#else
  (void)argc;
  return 0;
#endif
}

Determining if the function pthread_create exists in the pthreads failed with the following output:
Change Dir: /home/robond/Udacity_Robotics/catkin_ws/build/CMakeFiles/CMakeTmp

Run Build Command:"/usr/bin/make" "cmTC_8c2f3/fast"
/usr/bin/make -f CMakeFiles/cmTC_8c2f3.dir/build.make CMakeFiles/cmTC_8c2f3.dir/build
make[1]: Entering directory '/home/robond/Udacity_Robotics/catkin_ws/build/CMakeFiles/CMakeTmp'
Building C object CMakeFiles/cmTC_8c2f3.dir/CheckFunctionExists.c.o
/usr/bin/cc    -DCHECK_FUNCTION_EXISTS=pthread_create   -o CMakeFiles/cmTC_8c2f3.dir/CheckFunctionExists.c.o   -c /usr/share/cmake-3.5/Modules/CheckFunctionExists.c
Linking C executable cmTC_8c2f3
/usr/bin/cmake -E cmake_link_script CMakeFiles/cmTC_8c2f3.dir/link.txt --verbose=1
/usr/bin/cc   -DCHECK_FUNCTION_EXISTS=pthread_create    CMakeFiles/cmTC_8c2f3.dir/CheckFunctionExists.c.o  -o cmTC_8c2f3 -rdynamic -lpthreads 
/usr/bin/ld: cannot find -lpthreads
collect2: error: ld returned 1 exit status
CMakeFiles/cmTC_8c2f3.dir/build.make:97: recipe for target 'cmTC_8c2f3' failed
make[1]: *** [cmTC_8c2f3] Error 1
make[1]: Leaving directory '/home/robond/Udacity_Robotics/catkin_ws/build/CMakeFiles/CMakeTmp'
Makefile:126: recipe for target 'cmTC_8c2f3/fast' failed
make: *** [cmTC_8c2f3/fast] Error 2


Determining if the pthread_create exist failed with the following output:
Change Dir: /home/robond/Udacity_Robotics/catkin_ws/build/CMakeFiles/CMakeTmp

Run Build Command:"/usr/bin/make" "cmTC_8cb7f/fast"
/usr/bin/make -f CMakeFiles/cmTC_8cb7f.dir/build.make CMakeFiles/cmTC_8cb7f.dir/build
make[1]: Entering directory '/home/robond/Udacity_Robotics/catkin_ws/build/CMakeFiles/CMakeTmp'
Building C object CMakeFiles/cmTC_8cb7f.dir/CheckSymbolExists.c.o
/usr/bin/cc     -o CMakeFiles/cmTC_8cb7f.dir/CheckSymbolExists.c.o   -c /home/robond/Udacity_Robotics/catkin_ws/build/CMakeFiles/CMakeTmp/CheckSymbolExists.c
Linking C executable cmTC_8cb7f
/usr/bin/cmake -E cmake_link_script CMakeFiles/cmTC_8cb7f.dir/link.txt --verbose=1
/usr/bin/cc       CMakeFiles/cmTC_8cb7f.dir/CheckSymbolExists.c.o  -o cmTC_8cb7f -rdynamic 
CMakeFiles/cmTC_8cb7f.dir/CheckSymbolExists.c.o: In function `main':
CheckSymbolExists.c:(.text+0x16): undefined reference to `pthread_create'
collect2: error: ld returned 1 exit status
CMakeFiles/cmTC_8cb7f.dir/build.make:97: recipe for target 'cmTC_8cb7f' failed
make[1]: *** [cmTC_8cb7f] Error 1
make[1]: Leaving directory '/home/robond/Udacity_Robotics/catkin_ws/build/CMakeFiles/CMakeTmp'
Makefile:126: recipe for target 'cmTC_8cb7f/fast' failed
make: *** [cmTC_8cb7f/fast] Error 2

File /home/robond/Udacity_Robotics/catkin_ws/build/CMakeFiles/CMakeTmp/CheckSymbolExists.c:
/* */
#include <pthread.h>

int main(int argc, char** argv)
{
  (void)argv;
#ifndef pthread_create
  return ((int*)(&pthread_create))[argc];
#else
  (void)argc;
  return 0;
#endif
}

Determining if the function pthread_create exists in the pthreads failed with the following output:
Change Dir: /home/robond/Udacity_Robotics/catkin_ws/build/CMakeFiles/CMakeTmp

Run Build Command:"/usr/bin/make" "cmTC_d07e0/fast"
/usr/bin/make -f CMakeFiles/cmTC_d07e0.dir/build.make CMakeFiles/cmTC_d07e0.dir/build
make[1]: Entering directory '/home/robond/Udacity_Robotics/catkin_ws/build/CMakeFiles/CMakeTmp'
Building C object CMakeFiles/cmTC_d07e0.dir/CheckFunctionExists.c.o
/usr/bin/cc    -DCHECK_FUNCTION_EXISTS=pthread_create   -o CMakeFiles/cmTC_d07e0.dir/CheckFunctionExists.c.o   -c /usr/share/cmake-3.5/Modules/CheckFunctionExists.c
Linking C executable cmTC_d07e0
/usr/bin/cmake -E cmake_link_script CMakeFiles/cmTC_d07e0.dir/link.txt --verbose=1
/usr/bin/cc   -DCHECK_FUNCTION_EXISTS=pthread_create    CMakeFiles/cmTC_d07e0.dir/CheckFunctionExists.c.o  -o cmTC_d07e0 -rdynamic -lpthreads 
/usr/bin/ld: cannot find -lpthreads
collect2: error: ld returned 1 exit status
CMakeFiles/cmTC_d07e0.dir/build.make:97: recipe for target 'cmTC_d07e0' failed
make[1]: *** [cmTC_d07e0] Error 1
make[1]: Leaving directory '/home/robond/Udacity_Robotics/catkin_ws/build/CMakeFiles/CMakeTmp'
Makefile:126: recipe for target 'cmTC_d07e0/fast' failed
make: *** [cmTC_d07e0/fast] Error 2


